[2026-04-14 17:58:44] ERROR: Error: Cannot find module 'jsonwebtoken'
Require stack:
- D:\PROJECT\demo1\backend\utils\jwt.js
- D:\PROJECT\demo1\backend\controllers\authController.js
- D:\PROJECT\demo1\backend\routes\authRoutes.js
- D:\PROJECT\demo1\backend\server.js
    at Function._resolveFilename (node:internal/modules/cjs/loader:1401:15)
    at defaultResolveImpl (node:internal/modules/cjs/loader:1057:19)
    at resolveForCJSWithHooks (node:internal/modules/cjs/loader:1062:22)
    at Function._load (node:internal/modules/cjs/loader:1211:37)
    at TracingChannel.traceSync (node:diagnostics_channel:322:14)
    at wrapModuleLoad (node:internal/modules/cjs/loader:235:24)
    at Module.require (node:internal/modules/cjs/loader:1487:12)
    at require (node:internal/modules/helpers:135:16)
    at Object.<anonymous> (D:\PROJECT\demo1\backend\utils\jwt.js:1:13)
    at Module._compile (node:internal/modules/cjs/loader:1730:14)
[2026-04-14 18:18:39] ERROR: Error: Cannot find module 'jsonwebtoken'
Require stack:
- D:\PROJECT\demo1\backend\utils\jwt.js
- D:\PROJECT\demo1\backend\controllers\authController.js
- D:\PROJECT\demo1\backend\routes\authRoutes.js
- D:\PROJECT\demo1\backend\server.js
    at Function._resolveFilename (node:internal/modules/cjs/loader:1401:15)
    at defaultResolveImpl (node:internal/modules/cjs/loader:1057:19)
    at resolveForCJSWithHooks (node:internal/modules/cjs/loader:1062:22)
    at Function._load (node:internal/modules/cjs/loader:1211:37)
    at TracingChannel.traceSync (node:diagnostics_channel:322:14)
    at wrapModuleLoad (node:internal/modules/cjs/loader:235:24)
    at Module.require (node:internal/modules/cjs/loader:1487:12)
    at require (node:internal/modules/helpers:135:16)
    at Object.<anonymous> (D:\PROJECT\demo1\backend\utils\jwt.js:1:13)
    at Module._compile (node:internal/modules/cjs/loader:1730:14)
[2026-04-14 18:19:08] ERROR: Error: Cannot find module 'jsonwebtoken'
Require stack:
- D:\PROJECT\demo1\backend\utils\jwt.js
- D:\PROJECT\demo1\backend\controllers\authController.js
- D:\PROJECT\demo1\backend\routes\authRoutes.js
- D:\PROJECT\demo1\backend\server.js
    at Function._resolveFilename (node:internal/modules/cjs/loader:1401:15)
    at defaultResolveImpl (node:internal/modules/cjs/loader:1057:19)
    at resolveForCJSWithHooks (node:internal/modules/cjs/loader:1062:22)
    at Function._load (node:internal/modules/cjs/loader:1211:37)
    at TracingChannel.traceSync (node:diagnostics_channel:322:14)
    at wrapModuleLoad (node:internal/modules/cjs/loader:235:24)
    at Module.require (node:internal/modules/cjs/loader:1487:12)
    at require (node:internal/modules/helpers:135:16)
    at Object.<anonymous> (D:\PROJECT\demo1\backend\utils\jwt.js:1:13)
    at Module._compile (node:internal/modules/cjs/loader:1730:14)
[2026-04-14 23:50:42] ERROR: Database connection failed: password authentication failed for user "postgresadmin@meditrack-db-123"
[2026-04-15 00:10:53] ERROR: Database connection failed: password authentication failed for user "postgresadmin@meditrack-db-123"
[2026-04-15 00:11:38] ERROR: Database connection failed: password authentication failed for user "postgresadmin@meditrack-db-123"
[2026-04-15 00:12:17] ERROR: Database connection failed: password authentication failed for user "postgresadmin@meditrack-db-123"
